<?xml version="1.0" encoding="utf-8"?><testsuites name="pytest tests"><testsuite name="pytest" errors="0" failures="0" skipped="0" tests="15" time="3.841" timestamp="2026-02-25T05:46:39.688011+00:00" hostname="agent-env-73ba483b-bd37-4b8b-88f4-a1468863d4ed"><testcase classname="backend.tests.test_p2_features.TestAuth" name="test_login_admin" time="0.409" /><testcase classname="backend.tests.test_p2_features.TestBatchingImport" name="test_batching_import_endpoint_exists" time="0.446" /><testcase classname="backend.tests.test_p2_features.TestBatchingImport" name="test_batching_import_with_test_file" time="0.147" /><testcase classname="backend.tests.test_p2_features.TestImportWizard" name="test_import_wizard_analyze_endpoint_exists" time="0.462" /><testcase classname="backend.tests.test_p2_features.TestImportWizard" name="test_import_wizard_analyze_with_file" time="0.147" /><testcase classname="backend.tests.test_p2_features.TestImportWizard" name="test_import_wizard_preview_endpoint_exists" time="0.118" /><testcase classname="backend.tests.test_p2_features.TestImportWizard" name="test_import_wizard_apply_endpoint_exists" time="0.105" /><testcase classname="backend.tests.test_p2_features.TestTraceability" name="test_traceability_forward_endpoint" time="0.439" /><testcase classname="backend.tests.test_p2_features.TestTraceability" name="test_traceability_backward_endpoint" time="0.117" /><testcase classname="backend.tests.test_p2_features.TestTraceability" name="test_traceability_where_used_endpoint" time="0.104" /><testcase classname="backend.tests.test_p2_features.TestDashboard" name="test_dashboard_summary_endpoint" time="0.462" /><testcase classname="backend.tests.test_p2_features.TestDashboard" name="test_wip_on_floor_endpoint" time="0.111" /><testcase classname="backend.tests.test_p2_features.TestExistingP1Features" name="test_formulas_list" time="0.433" /><testcase classname="backend.tests.test_p2_features.TestExistingP1Features" name="test_excel_export_raw_materials" time="0.116" /><testcase classname="backend.tests.test_p2_features.TestExistingP1Features" name="test_excel_export_batching_template" time="0.117" /></testsuite></testsuites>