<?xml version="1.0" encoding="utf-8"?><testsuites name="pytest tests"><testsuite name="pytest" errors="0" failures="0" skipped="0" tests="21" time="1.740" timestamp="2026-01-23T07:57:31.332794+00:00" hostname="agent-env-73ba483b-bd37-4b8b-88f4-a1468863d4ed"><testcase classname="backend.tests.test_prime_erp.TestAuth" name="test_login_success" time="0.301" /><testcase classname="backend.tests.test_prime_erp.TestAuth" name="test_login_invalid_credentials" time="0.041" /><testcase classname="backend.tests.test_prime_erp.TestAuth" name="test_get_me_authenticated" time="0.315" /><testcase classname="backend.tests.test_prime_erp.TestAuth" name="test_get_me_unauthenticated" time="0.039" /><testcase classname="backend.tests.test_prime_erp.TestBatchingWorkspace" name="test_list_workspaces" time="0.040" /><testcase classname="backend.tests.test_prime_erp.TestBatchingWorkspace" name="test_create_workspace" time="0.080" /><testcase classname="backend.tests.test_prime_erp.TestBatchingWorkspace" name="test_start_workspace" time="0.075" /><testcase classname="backend.tests.test_prime_erp.TestBatchingWorkspace" name="test_download_sheet" time="0.102" /><testcase classname="backend.tests.test_prime_erp.TestDashboard" name="test_dashboard_summary" time="0.045" /><testcase classname="backend.tests.test_prime_erp.TestDashboard" name="test_dashboard_unauthenticated" time="0.040" /><testcase classname="backend.tests.test_prime_erp.TestMasterData" name="test_list_locations" time="0.042" /><testcase classname="backend.tests.test_prime_erp.TestMasterData" name="test_list_raw_materials" time="0.039" /><testcase classname="backend.tests.test_prime_erp.TestMasterData" name="test_list_packaging_materials" time="0.042" /><testcase classname="backend.tests.test_prime_erp.TestMasterData" name="test_list_products" time="0.040" /><testcase classname="backend.tests.test_prime_erp.TestMasterData" name="test_list_units" time="0.041" /><testcase classname="backend.tests.test_prime_erp.TestFormulas" name="test_list_formulas" time="0.038" /><testcase classname="backend.tests.test_prime_erp.TestInventory" name="test_get_stock" time="0.042" /><testcase classname="backend.tests.test_prime_erp.TestInventory" name="test_get_stock_summary" time="0.046" /><testcase classname="backend.tests.test_prime_erp.TestManufacturing" name="test_list_batch_orders" time="0.038" /><testcase classname="backend.tests.test_prime_erp.TestManufacturing" name="test_list_filling_orders" time="0.042" /><testcase classname="backend.tests.test_prime_erp.TestManufacturing" name="test_get_wip_on_floor" time="0.037" /></testsuite></testsuites>