<?xml version="1.0" encoding="utf-8"?><testsuites name="pytest tests"><testsuite name="pytest" errors="0" failures="0" skipped="0" tests="26" time="3.456" timestamp="2026-01-24T05:54:07.681446+00:00" hostname="agent-env-73ba483b-bd37-4b8b-88f4-a1468863d4ed"><testcase classname="backend.tests.test_p0_p1_features.TestAuth" name="test_login_success" time="0.337" /><testcase classname="backend.tests.test_p0_p1_features.TestInventoryOnHand" name="test_inventory_onhand_endpoint" time="0.303" /><testcase classname="backend.tests.test_p0_p1_features.TestInventoryOnHand" name="test_inventory_onhand_with_filters" time="0.120" /><testcase classname="backend.tests.test_p0_p1_features.TestInventoryOnHand" name="test_low_stock_alerts_endpoint" time="0.078" /><testcase classname="backend.tests.test_p0_p1_features.TestSearchEndpoints" name="test_search_items_endpoint" time="0.296" /><testcase classname="backend.tests.test_p0_p1_features.TestSearchEndpoints" name="test_search_items_with_query" time="0.042" /><testcase classname="backend.tests.test_p0_p1_features.TestSearchEndpoints" name="test_search_items_with_type_filter" time="0.039" /><testcase classname="backend.tests.test_p0_p1_features.TestSearchEndpoints" name="test_search_locations_endpoint" time="0.041" /><testcase classname="backend.tests.test_p0_p1_features.TestSearchEndpoints" name="test_search_formulas_endpoint" time="0.039" /><testcase classname="backend.tests.test_p0_p1_features.TestSearchEndpoints" name="test_search_lots_endpoint" time="0.035" /><testcase classname="backend.tests.test_p0_p1_features.TestSearchEndpoints" name="test_search_categories_endpoint" time="0.038" /><testcase classname="backend.tests.test_p0_p1_features.TestExpandedUOM" name="test_uom_endpoint_returns_expanded_units" time="0.308" /><testcase classname="backend.tests.test_p0_p1_features.TestExpandedUOM" name="test_uom_resolve_endpoint" time="0.072" /><testcase classname="backend.tests.test_p0_p1_features.TestExcelExport" name="test_export_raw_materials_excel" time="0.317" /><testcase classname="backend.tests.test_p0_p1_features.TestExcelExport" name="test_export_packaging_excel" time="0.045" /><testcase classname="backend.tests.test_p0_p1_features.TestExcelExport" name="test_export_batching_template_excel" time="0.046" /><testcase classname="backend.tests.test_p0_p1_features.TestFormulasWithRecipeRequired" name="test_list_formulas" time="0.301" /><testcase classname="backend.tests.test_p0_p1_features.TestFormulasWithRecipeRequired" name="test_create_formula_with_recipe_required_false" time="0.046" /><testcase classname="backend.tests.test_p0_p1_features.TestFormulasWithRecipeRequired" name="test_create_formula_with_recipe_required_true" time="0.040" /><testcase classname="backend.tests.test_p0_p1_features.TestFormulasWithRecipeRequired" name="test_get_formula_by_id" time="0.082" /><testcase classname="backend.tests.test_p0_p1_features.TestFormulasWithRecipeRequired" name="test_update_formula_recipe_required" time="0.072" /><testcase classname="backend.tests.test_p0_p1_features.TestFormulasWithRecipeRequired" name="test_formula_lines_crud" time="0.192" /><testcase classname="backend.tests.test_p0_p1_features.TestMasterDataEndpoints" name="test_list_raw_materials" time="0.295" /><testcase classname="backend.tests.test_p0_p1_features.TestMasterDataEndpoints" name="test_list_packaging_materials" time="0.037" /><testcase classname="backend.tests.test_p0_p1_features.TestMasterDataEndpoints" name="test_list_products" time="0.036" /><testcase classname="backend.tests.test_p0_p1_features.TestMasterDataEndpoints" name="test_list_locations" time="0.034" /></testsuite></testsuites>